array (
  0 => 
  array (
    'gg_img_url' => 'images/201310/goods_img/9_G_1381736001678.jpg',
    'gg_thumb_url' => 'images/201310/thumb_img/9_thumb_P_1381736001776.jpg',
    'goods_id' => '9',
    'goods_name' => 'B1户型',
    'goods_name_style' => '+',
    'market_price' => '0.01',
    'org_price' => '0.01',
    'promote_price' => '0.00',
    'shop_price' => '0.01',
    'promote_start_date' => '0',
    'promote_end_date' => '0',
    'goods_brief' => '',
    'goods_thumb' => 'images/201310/thumb_img/9_thumb_G_1381736001356.jpg',
    'goods_img' => 'images/201310/goods_img/9_G_1381736001404.jpg',
    'rnd' => '0.0506140441173818',
  ),
  1 => 
  array (
    'gg_img_url' => 'images/201310/goods_img/10_G_1381736033336.jpg',
    'gg_thumb_url' => 'images/201310/thumb_img/10_thumb_P_1381736033026.jpg',
    'goods_id' => '10',
    'goods_name' => 'B3户型',
    'goods_name_style' => '+',
    'market_price' => '0.01',
    'org_price' => '0.01',
    'promote_price' => '0.00',
    'shop_price' => '0.01',
    'promote_start_date' => '0',
    'promote_end_date' => '0',
    'goods_brief' => '',
    'goods_thumb' => 'images/201310/thumb_img/10_thumb_G_1381736033105.jpg',
    'goods_img' => 'images/201310/goods_img/10_G_1381736033849.jpg',
    'rnd' => '0.403171906623218',
  ),
  2 => 
  array (
    'gg_img_url' => 'images/201310/goods_img/8_G_1381735959956.jpg',
    'gg_thumb_url' => 'images/201310/thumb_img/8_thumb_P_1381735959355.jpg',
    'goods_id' => '8',
    'goods_name' => 'B4户型',
    'goods_name_style' => '+',
    'market_price' => '8640.00',
    'org_price' => '7200.00',
    'promote_price' => '0.00',
    'shop_price' => '7200',
    'promote_start_date' => '0',
    'promote_end_date' => '0',
    'goods_brief' => '',
    'goods_thumb' => 'images/201310/thumb_img/8_thumb_G_1381735959418.jpg',
    'goods_img' => 'images/201310/goods_img/8_G_1381735959948.jpg',
    'rnd' => '0.949966114899112',
  ),
  3 => 
  array (
    'gg_img_url' => 'images/201310/goods_img/7_G_1381735888236.jpg',
    'gg_thumb_url' => 'images/201310/thumb_img/7_thumb_P_1381735888838.jpg',
    'goods_id' => '7',
    'goods_name' => 'B2户型',
    'goods_name_style' => '+',
    'market_price' => '8640.00',
    'org_price' => '7200.00',
    'promote_price' => '0.00',
    'shop_price' => '7200',
    'promote_start_date' => '0',
    'promote_end_date' => '0',
    'goods_brief' => '',
    'goods_thumb' => 'images/201310/thumb_img/7_thumb_G_1381735888760.jpg',
    'goods_img' => 'images/201310/goods_img/7_G_1381735888523.jpg',
    'rnd' => '0.566405520370608',
  ),
)亲~~您在华悦城房地产网销中心注册的账号为:18673124443密码是： 475363 
    -- 华悦城房地产网销中心2013-10-17 21:24:12NULL亲~~您在华悦城房地产网销中心注册的账号为:13873113103密码是： 876080 
    -- 华悦城房地产网销中心2013-10-17 21:24:34NULL